<?xml version="1.0" encoding="UTF-8"?>
<testng-results ignored="0" total="3" passed="3" failed="0" skipped="0">
  <reporter-output>
  </reporter-output>
  <suite started-at="2025-03-11T17:20:41 IST" name="Suite" finished-at="2025-03-11T17:21:06 IST" duration-ms="24969">
    <groups>
      <group name="cucumber">
        <method signature="AbstractTestNGCucumberTests.runScenario(io.cucumber.testng.PickleWrapper,io.cucumber.testng.FeatureWrapper)[pri:0, instance:testrunner.DemoNG@32fe9d0a]" name="runScenario" class="io.cucumber.testng.AbstractTestNGCucumberTests"/>
      </group> <!-- cucumber -->
    </groups>
    <test started-at="2025-03-11T17:20:41 IST" name="Test" finished-at="2025-03-11T17:21:06 IST" duration-ms="24969">
      <class name="testrunner.DemoNG">
        <test-method is-config="true" signature="setUpClass(org.testng.ITestContext)[pri:0, instance:testrunner.DemoNG@32fe9d0a]" started-at="2025-03-11T17:20:41 IST" name="setUpClass" finished-at="2025-03-11T17:20:44 IST" duration-ms="2663" status="PASS">
          <params>
            <param index="0">
              <value>
                <![CDATA[org.testng.TestRunner@6167c42f]]>
              </value>
            </param>
          </params>
          <reporter-output>
          </reporter-output>
        </test-method> <!-- setUpClass -->
        <test-method signature="runScenario(io.cucumber.testng.PickleWrapper,io.cucumber.testng.FeatureWrapper)[pri:0, instance:testrunner.DemoNG@32fe9d0a]" started-at="2025-03-11T17:20:44 IST" name="runScenario" description="Runs Cucumber Scenarios" data-provider="scenarios" finished-at="2025-03-11T17:20:53 IST" duration-ms="9595" status="PASS">
          <params>
            <param index="0">
              <value>
                <![CDATA["To check title of the Application"]]>
              </value>
            </param>
            <param index="1">
              <value>
                <![CDATA["Unknown"]]>
              </value>
            </param>
          </params>
          <reporter-output>
          </reporter-output>
        </test-method> <!-- runScenario -->
        <test-method signature="runScenario(io.cucumber.testng.PickleWrapper,io.cucumber.testng.FeatureWrapper)[pri:0, instance:testrunner.DemoNG@32fe9d0a]" started-at="2025-03-11T17:20:53 IST" name="runScenario" description="Runs Cucumber Scenarios" data-provider="scenarios" finished-at="2025-03-11T17:21:01 IST" duration-ms="7366" status="PASS">
          <params>
            <param index="0">
              <value>
                <![CDATA["To check Login functionality of the Application"]]>
              </value>
            </param>
            <param index="1">
              <value>
                <![CDATA["Unknown"]]>
              </value>
            </param>
          </params>
          <reporter-output>
          </reporter-output>
        </test-method> <!-- runScenario -->
        <test-method signature="runScenario(io.cucumber.testng.PickleWrapper,io.cucumber.testng.FeatureWrapper)[pri:0, instance:testrunner.DemoNG@32fe9d0a]" started-at="2025-03-11T17:21:01 IST" name="runScenario" description="Runs Cucumber Scenarios" data-provider="scenarios" finished-at="2025-03-11T17:21:06 IST" duration-ms="5138" status="PASS">
          <params>
            <param index="0">
              <value>
                <![CDATA["To check Login functionality of the Application"]]>
              </value>
            </param>
            <param index="1">
              <value>
                <![CDATA["Unknown"]]>
              </value>
            </param>
          </params>
          <reporter-output>
          </reporter-output>
        </test-method> <!-- runScenario -->
        <test-method is-config="true" signature="tearDownClass()[pri:0, instance:testrunner.DemoNG@32fe9d0a]" started-at="2025-03-11T17:21:06 IST" name="tearDownClass" finished-at="2025-03-11T17:21:06 IST" duration-ms="38" status="PASS">
          <reporter-output>
          </reporter-output>
        </test-method> <!-- tearDownClass -->
      </class> <!-- testrunner.DemoNG -->
    </test> <!-- Test -->
  </suite> <!-- Suite -->
</testng-results>
