<?xml version="1.0" encoding="UTF-8"?>
<testsuite xmlns:xsi="http://www.w3.org/2001/XMLSchema-instance" xsi:noNamespaceSchemaLocation="https://maven.apache.org/surefire/maven-surefire-plugin/xsd/surefire-test-report-3.0.xsd" version="3.0" name="TestSuite" time="26.136" tests="3" errors="0" skipped="0" failures="0">
  <properties>
[...]
</properties>
  <testcase name="runScenario[&quot;To check title of the Application&quot;, &quot;Unknown&quot;](1)" classname="testrunner.DemoNG" time="9.353">
    <system-out><![CDATA[
@SmokeTest
Scenario: To check title of the Application                                                              &amp#27;[90m# src/test/resources/feature/Sample2.feature:7&amp#27;[0m
Before Scenario
Before each step of the scenario
  &amp#27;[32mGiven &amp#27;[0m&amp#27;[32mUser opens the Browser&amp#27;[0m                                                                           &amp#27;[90m# stepDefination.Sample1Scenario.user_opens_the_browser()&amp#27;[0m
After each step of the scenario
Before each step of the scenario
  &amp#27;[32mAnd &amp#27;[0m&amp#27;[32mUser navigates to the &amp#27;[0m&amp#27;[32m&amp#27;[1m"https://opensource-demo.orangehrmlive.com/web/index.php/auth/login"&amp#27;[0m&amp#27;[32m Webpage&amp#27;[0m &amp#27;[90m# stepDefination.Sample1Scenario.user_navigates_to_the_webpage(java.lang.String)&amp#27;[0m
After each step of the scenario
Before each step of the scenario
  &amp#27;[32mThen &amp#27;[0m&amp#27;[32mUser verifies the title of the Webpage&amp#27;[0m                                                            &amp#27;[90m# stepDefination.Sample1Scenario.user_verifies_the_title_of_the_webpage()&amp#27;[0m
After each step of the scenario
Before each step of the scenario
  &amp#27;[32mAnd &amp#27;[0m&amp#27;[32mUser closes the Browser&amp#27;[0m                                                                            &amp#27;[90m# stepDefination.Sample1Scenario.user_closes_the_browser()&amp#27;[0m
After each step of the scenario
After Scenario
]]></system-out>
    <system-err><![CDATA[SLF4J: Failed to load class "org.slf4j.impl.StaticLoggerBinder".
SLF4J: Defaulting to no-operation (NOP) logger implementation
SLF4J: See http://www.slf4j.org/codes.html#StaticLoggerBinder for further details.
Mar 11, 2025 12:07:41 PM org.openqa.selenium.devtools.CdpVersionFinder findNearestMatch
WARNING: Unable to find an exact match for CDP version 134, returning the closest version; found: 133; Please update to a Selenium version that supports CDP version 134
]]></system-err>
  </testcase>
  <testcase name="runScenario[&quot;To check Login functionality of the Application&quot;, &quot;Unknown&quot;](2)" classname="testrunner.DemoNG" time="7.255">
    <system-out><![CDATA[
@SystemTest
Scenario Outline: To check Login functionality of the Application                                        &amp#27;[90m# src/test/resources/feature/Sample2.feature:20&amp#27;[0m
Before Scenario
Before each step of the scenario
  &amp#27;[32mGiven &amp#27;[0m&amp#27;[32mUser opens the Browser&amp#27;[0m                                                                           &amp#27;[90m# stepDefination.Sample1Scenario.user_opens_the_browser()&amp#27;[0m
After each step of the scenario
Before each step of the scenario
  &amp#27;[32mAnd &amp#27;[0m&amp#27;[32mUser navigates to the &amp#27;[0m&amp#27;[32m&amp#27;[1m"https://opensource-demo.orangehrmlive.com/web/index.php/auth/login"&amp#27;[0m&amp#27;[32m Webpage&amp#27;[0m &amp#27;[90m# stepDefination.Sample1Scenario.user_navigates_to_the_webpage(java.lang.String)&amp#27;[0m
After each step of the scenario
Before each step of the scenario
  &amp#27;[32mWhen &amp#27;[0m&amp#27;[32mUser enters  &amp#27;[0m&amp#27;[32m&amp#27;[1m'Admin'&amp#27;[0m&amp#27;[32m the username&amp#27;[0m                                                                 &amp#27;[90m# stepDefination.Sample2Scenario.user_enters_the_username(java.lang.String)&amp#27;[0m
After each step of the scenario
Before each step of the scenario
  &amp#27;[32mAnd &amp#27;[0m&amp#27;[32mUser enters &amp#27;[0m&amp#27;[32m&amp#27;[1m'admin123'&amp#27;[0m&amp#27;[32m the password&amp#27;[0m                                                                &amp#27;[90m# stepDefination.Sample2Scenario.user_enters_the_password(java.lang.String)&amp#27;[0m
After each step of the scenario
Before each step of the scenario
  &amp#27;[32mAnd &amp#27;[0m&amp#27;[32mUser clicks on the Login button&amp#27;[0m                                                                    &amp#27;[90m# stepDefination.Sample2Scenario.user_clicks_on_the_login_button()&amp#27;[0m
After each step of the scenario
Before each step of the scenario
  &amp#27;[32mThen &amp#27;[0m&amp#27;[32mUser verifies the Profile Account&amp#27;[0m                                                                 &amp#27;[90m# stepDefination.Sample2Scenario.user_verifies_the_profile_account()&amp#27;[0m
After each step of the scenario
Before each step of the scenario
  &amp#27;[32mAnd &amp#27;[0m&amp#27;[32mUser closes the Browser&amp#27;[0m                                                                            &amp#27;[90m# stepDefination.Sample1Scenario.user_closes_the_browser()&amp#27;[0m
After each step of the scenario
After Scenario
]]></system-out>
    <system-err><![CDATA[Mar 11, 2025 12:07:47 PM org.openqa.selenium.devtools.CdpVersionFinder findNearestMatch
WARNING: Unable to find an exact match for CDP version 134, returning the closest version; found: 133; Please update to a Selenium version that supports CDP version 134
]]></system-err>
  </testcase>
  <testcase name="runScenario[&quot;To check Login functionality of the Application&quot;, &quot;Unknown&quot;](3)" classname="testrunner.DemoNG" time="6.118">
    <system-out><![CDATA[
@SystemTest
Scenario Outline: To check Login functionality of the Application                                        &amp#27;[90m# src/test/resources/feature/Sample2.feature:21&amp#27;[0m
Before Scenario
Before each step of the scenario
  &amp#27;[32mGiven &amp#27;[0m&amp#27;[32mUser opens the Browser&amp#27;[0m                                                                           &amp#27;[90m# stepDefination.Sample1Scenario.user_opens_the_browser()&amp#27;[0m
After each step of the scenario
Before each step of the scenario
  &amp#27;[32mAnd &amp#27;[0m&amp#27;[32mUser navigates to the &amp#27;[0m&amp#27;[32m&amp#27;[1m"https://opensource-demo.orangehrmlive.com/web/index.php/auth/login"&amp#27;[0m&amp#27;[32m Webpage&amp#27;[0m &amp#27;[90m# stepDefination.Sample1Scenario.user_navigates_to_the_webpage(java.lang.String)&amp#27;[0m
After each step of the scenario
Before each step of the scenario
Username Error: org.openqa.selenium.NoSuchSessionException: Session ID is null. Using WebDriver after calling quit()?
Build info: version: '4.29.0', revision: '5fc1ec94cb'
System info: os.name: 'Windows 10', os.arch: 'amd64', os.version: '10.0', java.version: '23.0.2'
Driver info: org.openqa.selenium.chrome.ChromeDriver
Command: [null, findElement {using=xpath, value=//input[@name ='username']}]
Capabilities {acceptInsecureCerts: false, browserName: chrome, browserVersion: 134.0.6998.36, chrome: {chromedriverVersion: 134.0.6998.88 (7e3d5c978c6d..., userDataDir: C:\Users\hi\AppData\Local\T...}, fedcm:accounts: true, goog:chromeOptions: {debuggerAddress: localhost:50090}, networkConnectionEnabled: false, pageLoadStrategy: normal, platformName: windows, proxy: Proxy(), se:cdp: ws://localhost:50090/devtoo..., se:cdpVersion: 134.0.6998.36, setWindowRect: true, strictFileInteractability: false, timeouts: {implicit: 0, pageLoad: 300000, script: 30000}, unhandledPromptBehavior: dismiss and notify, webauthn:extension:credBlob: true, webauthn:extension:largeBlob: true, webauthn:extension:minPinLength: true, webauthn:extension:prf: true, webauthn:virtualAuthenticators: true}
  &amp#27;[32mWhen &amp#27;[0m&amp#27;[32mUser enters  &amp#27;[0m&amp#27;[32m&amp#27;[1m'Admin'&amp#27;[0m&amp#27;[32m the username&amp#27;[0m                                                                 &amp#27;[90m# stepDefination.Sample2Scenario.user_enters_the_username(java.lang.String)&amp#27;[0m
After each step of the scenario
Before each step of the scenario
Password Error: org.openqa.selenium.NoSuchSessionException: Session ID is null. Using WebDriver after calling quit()?
Build info: version: '4.29.0', revision: '5fc1ec94cb'
System info: os.name: 'Windows 10', os.arch: 'amd64', os.version: '10.0', java.version: '23.0.2'
Driver info: org.openqa.selenium.chrome.ChromeDriver
Command: [null, findElement {using=name, value=password}]
Capabilities {acceptInsecureCerts: false, browserName: chrome, browserVersion: 134.0.6998.36, chrome: {chromedriverVersion: 134.0.6998.88 (7e3d5c978c6d..., userDataDir: C:\Users\hi\AppData\Local\T...}, fedcm:accounts: true, goog:chromeOptions: {debuggerAddress: localhost:50090}, networkConnectionEnabled: false, pageLoadStrategy: normal, platformName: windows, proxy: Proxy(), se:cdp: ws://localhost:50090/devtoo..., se:cdpVersion: 134.0.6998.36, setWindowRect: true, strictFileInteractability: false, timeouts: {implicit: 0, pageLoad: 300000, script: 30000}, unhandledPromptBehavior: dismiss and notify, webauthn:extension:credBlob: true, webauthn:extension:largeBlob: true, webauthn:extension:minPinLength: true, webauthn:extension:prf: true, webauthn:virtualAuthenticators: true}
  &amp#27;[32mAnd &amp#27;[0m&amp#27;[32mUser enters &amp#27;[0m&amp#27;[32m&amp#27;[1m'admin123'&amp#27;[0m&amp#27;[32m the password&amp#27;[0m                                                                &amp#27;[90m# stepDefination.Sample2Scenario.user_enters_the_password(java.lang.String)&amp#27;[0m
After each step of the scenario
Before each step of the scenario
Click Error: org.openqa.selenium.NoSuchSessionException: Session ID is null. Using WebDriver after calling quit()?
Build info: version: '4.29.0', revision: '5fc1ec94cb'
System info: os.name: 'Windows 10', os.arch: 'amd64', os.version: '10.0', java.version: '23.0.2'
Driver info: org.openqa.selenium.chrome.ChromeDriver
Command: [null, findElement {using=css selector, value=[type="submit"]}]
Capabilities {acceptInsecureCerts: false, browserName: chrome, browserVersion: 134.0.6998.36, chrome: {chromedriverVersion: 134.0.6998.88 (7e3d5c978c6d..., userDataDir: C:\Users\hi\AppData\Local\T...}, fedcm:accounts: true, goog:chromeOptions: {debuggerAddress: localhost:50090}, networkConnectionEnabled: false, pageLoadStrategy: normal, platformName: windows, proxy: Proxy(), se:cdp: ws://localhost:50090/devtoo..., se:cdpVersion: 134.0.6998.36, setWindowRect: true, strictFileInteractability: false, timeouts: {implicit: 0, pageLoad: 300000, script: 30000}, unhandledPromptBehavior: dismiss and notify, webauthn:extension:credBlob: true, webauthn:extension:largeBlob: true, webauthn:extension:minPinLength: true, webauthn:extension:prf: true, webauthn:virtualAuthenticators: true}
  &amp#27;[32mAnd &amp#27;[0m&amp#27;[32mUser clicks on the Login button&amp#27;[0m                                                                    &amp#27;[90m# stepDefination.Sample2Scenario.user_clicks_on_the_login_button()&amp#27;[0m
After each step of the scenario
Before each step of the scenario
  &amp#27;[32mThen &amp#27;[0m&amp#27;[32mUser verifies the Profile Account&amp#27;[0m                                                                 &amp#27;[90m# stepDefination.Sample2Scenario.user_verifies_the_profile_account()&amp#27;[0m
After each step of the scenario
Before each step of the scenario
  &amp#27;[32mAnd &amp#27;[0m&amp#27;[32mUser closes the Browser&amp#27;[0m                                                                            &amp#27;[90m# stepDefination.Sample1Scenario.user_closes_the_browser()&amp#27;[0m
After each step of the scenario
After Scenario
]]></system-out>
    <system-err><![CDATA[Mar 11, 2025 12:07:54 PM org.openqa.selenium.devtools.CdpVersionFinder findNearestMatch
WARNING: Unable to find an exact match for CDP version 134, returning the closest version; found: 133; Please update to a Selenium version that supports CDP version 134
]]></system-err>
  </testcase>
</testsuite>