<?xml version="1.0" encoding="UTF-8"?>
<testng-results ignored="0" total="3" passed="3" failed="0" skipped="0">
  <reporter-output>
  </reporter-output>
  <suite started-at="2025-03-11T12:07:34 IST" name="Suite" finished-at="2025-03-11T12:07:58 IST" duration-ms="24655">
    <groups>
      <group name="cucumber">
        <method signature="AbstractTestNGCucumberTests.runScenario(io.cucumber.testng.PickleWrapper,io.cucumber.testng.FeatureWrapper)[pri:0, instance:testrunner.DemoNG@3270d194]" name="runScenario" class="io.cucumber.testng.AbstractTestNGCucumberTests"/>
      </group> <!-- cucumber -->
    </groups>
    <test started-at="2025-03-11T12:07:34 IST" name="Test" finished-at="2025-03-11T12:07:58 IST" duration-ms="24655">
      <class name="testrunner.DemoNG">
        <test-method is-config="true" signature="setUpClass(org.testng.ITestContext)[pri:0, instance:testrunner.DemoNG@3270d194]" started-at="2025-03-11T12:07:34 IST" name="setUpClass" finished-at="2025-03-11T12:07:36 IST" duration-ms="1761" status="PASS">
          <params>
            <param index="0">
              <value>
                <![CDATA[org.testng.TestRunner@26221bad]]>
              </value>
            </param>
          </params>
          <reporter-output>
          </reporter-output>
        </test-method> <!-- setUpClass -->
        <test-method signature="runScenario(io.cucumber.testng.PickleWrapper,io.cucumber.testng.FeatureWrapper)[pri:0, instance:testrunner.DemoNG@3270d194]" started-at="2025-03-11T12:07:36 IST" name="runScenario" description="Runs Cucumber Scenarios" data-provider="scenarios" finished-at="2025-03-11T12:07:45 IST" duration-ms="9336" status="PASS">
          <params>
            <param index="0">
              <value>
                <![CDATA["To check title of the Application"]]>
              </value>
            </param>
            <param index="1">
              <value>
                <![CDATA["Unknown"]]>
              </value>
            </param>
          </params>
          <reporter-output>
          </reporter-output>
        </test-method> <!-- runScenario -->
        <test-method signature="runScenario(io.cucumber.testng.PickleWrapper,io.cucumber.testng.FeatureWrapper)[pri:0, instance:testrunner.DemoNG@3270d194]" started-at="2025-03-11T12:07:45 IST" name="runScenario" description="Runs Cucumber Scenarios" data-provider="scenarios" finished-at="2025-03-11T12:07:52 IST" duration-ms="7243" status="PASS">
          <params>
            <param index="0">
              <value>
                <![CDATA["To check Login functionality of the Application"]]>
              </value>
            </param>
            <param index="1">
              <value>
                <![CDATA["Unknown"]]>
              </value>
            </param>
          </params>
          <reporter-output>
          </reporter-output>
        </test-method> <!-- runScenario -->
        <test-method signature="runScenario(io.cucumber.testng.PickleWrapper,io.cucumber.testng.FeatureWrapper)[pri:0, instance:testrunner.DemoNG@3270d194]" started-at="2025-03-11T12:07:52 IST" name="runScenario" description="Runs Cucumber Scenarios" data-provider="scenarios" finished-at="2025-03-11T12:07:58 IST" duration-ms="6123" status="PASS">
          <params>
            <param index="0">
              <value>
                <![CDATA["To check Login functionality of the Application"]]>
              </value>
            </param>
            <param index="1">
              <value>
                <![CDATA["Unknown"]]>
              </value>
            </param>
          </params>
          <reporter-output>
          </reporter-output>
        </test-method> <!-- runScenario -->
        <test-method is-config="true" signature="tearDownClass()[pri:0, instance:testrunner.DemoNG@3270d194]" started-at="2025-03-11T12:07:58 IST" name="tearDownClass" finished-at="2025-03-11T12:07:58 IST" duration-ms="62" status="PASS">
          <reporter-output>
          </reporter-output>
        </test-method> <!-- tearDownClass -->
      </class> <!-- testrunner.DemoNG -->
    </test> <!-- Test -->
  </suite> <!-- Suite -->
</testng-results>
